2015-08-24 12:12:12,995 INFO  [Log] Inside Test Setup 
2015-08-24 12:12:14,531 INFO  [Log] Current URL : http://spi.tts.local/ 
2015-08-24 12:12:14,531 INFO  [Log]  
2015-08-24 12:12:14,543 INFO  [Log] _________________________________________________________________________________________ 
2015-08-24 12:12:14,543 INFO  [Log]  
2015-08-24 12:12:14,543 INFO  [Log] ------R--U--N--N--I--N--G--------VerifyMenuLinks_01------------------------------------ 
2015-08-24 12:12:14,543 INFO  [Log] __________________________________________________________________________________________ 
2015-08-24 12:12:14,543 INFO  [Log]  
2015-08-24 12:12:15,178 INFO  [Log] Page Title : Samples - SPI 
2015-08-24 12:12:15,183 INFO  [Log] Page url : http://spi.tts.local/samples 
2015-08-24 12:12:16,244 INFO  [Log] Page Title : Icons - SPI 
2015-08-24 12:12:16,247 INFO  [Log] Page url : http://spi.tts.local/icons 
2015-08-24 12:12:16,815 INFO  [Log] Page Title : Sources - SPI 
2015-08-24 12:12:16,817 INFO  [Log] Page url : http://spi.tts.local/iris/sources 
2015-08-24 12:12:17,374 INFO  [Log] Page Title : SPI 
2015-08-24 12:12:17,377 INFO  [Log] Page url : http://spi.tts.local/ 
2015-08-24 12:12:17,377 INFO  [Log]  
2015-08-24 12:12:17,377 INFO  [Log] ____________________________________________________________________________________________ 
2015-08-24 12:12:17,377 INFO  [Log]  
2015-08-24 12:12:17,377 INFO  [Log] -------------------VerifyMenuLinks_01------------E--N--D---------------------------------- 
2015-08-24 12:12:17,377 INFO  [Log] ____________________________________________________________________________________________ 
2015-08-24 12:12:17,378 INFO  [Log] Inside Test Cleanup 
2015-08-24 12:12:17,378 INFO  [Log] . 
2015-08-24 12:12:17,378 INFO  [Log] . 
2015-08-24 12:12:17,378 INFO  [Log] . 
